INFO:unityagents:
'Academy' started successfully!
Unity Academy name: Academy
        Number of Brains: 1
        Number of External Brains : 1
        Lesson number : 0
        Reset Parameters :
		goal_size -> 5.0
		goal_speed -> 1.0
Unity brain name: ReacherBrain
        Number of Visual Observations (per agent): 0
        Vector Observation space type: continuous
        Vector Observation space size (per agent): 33
        Number of stacked Vector Observation: 1
        Vector Action space type: continuous
        Vector Action space size (per agent): 4
        Vector Action descriptions: , , , 
INFO:gym_unity:20 agents within environment.
INFO:root:Configuration: {'general_params': {'seed': 0, 'num_of_episodes': 200, 'mode': {'train': 1, 'test': 0}}, 'agent_params': {'state_size': 33, 'action_size': 4, 'learning_rate_actor': 0.001, 'learning_rate_policy': 0.001, 'learning_rate_critic': 0.002, 'learning_rate_value_fn': 0.001, 'gamma': 0.99, 'tau': 0.001, 'updates_num': 10, 'baseline_epochs': 1, 'ppo_epochs': 1, 'ppo_epsilon': 0.2, 'buf_params': {'buffer_size': 100000, 'batch_size': 64}, 'nn_params': {'nn_actor': {'l1': [33, 128], 'l2': [128, 64], 'l3': [64, 4]}, 'nn_critic': {'l1': [37, 128], 'l2': [128, 256], 'l3': [256, 128], 'l4': [128, 32], 'l5': [32, 1]}, 'nn_policy': {'l1': [-1, 128], 'l2': [128, 64], 'l3': [64, -1]}, 'nn_value_function': {'l1': [-1, 128], 'l2': [128, 128], 'l3': [128, 32], 'l4': [32, 1]}}}, 'trainer_params': {'learning_rate_decay': 0.999, 't_max': 1000, 'results_path': '../results/', 'model_path': '../models/'}, 'env_params': {'path': '../Reacher_app/Reacher-20.app', 'seed': 0, 'worker_id': 0, 'visual_mode': False, 'multiagent_mode': True}}
INFO:root:Training:
INFO:root:Episode 1	Current Score (average over 20 robots): 0.78	Average Score (over episodes): 0.78 		Learning rate (actor): 0.0010	Learning rate (critic): 0.0020
INFO:root:Episode 2	Current Score (average over 20 robots): 1.10	Average Score (over episodes): 0.94 		Learning rate (actor): 0.0010	Learning rate (critic): 0.0020
INFO:root:Episode 3	Current Score (average over 20 robots): 1.69	Average Score (over episodes): 1.19 		Learning rate (actor): 0.0010	Learning rate (critic): 0.0020
INFO:root:Episode 4	Current Score (average over 20 robots): 1.50	Average Score (over episodes): 1.26 		Learning rate (actor): 0.0010	Learning rate (critic): 0.0020
INFO:root:Episode 5	Current Score (average over 20 robots): 1.51	Average Score (over episodes): 1.31 		Learning rate (actor): 0.0010	Learning rate (critic): 0.0020
INFO:root:Episode 6	Current Score (average over 20 robots): 1.51	Average Score (over episodes): 1.35 		Learning rate (actor): 0.0010	Learning rate (critic): 0.0020
INFO:root:Episode 7	Current Score (average over 20 robots): 1.52	Average Score (over episodes): 1.37 		Learning rate (actor): 0.0010	Learning rate (critic): 0.0020
INFO:root:Episode 8	Current Score (average over 20 robots): 1.03	Average Score (over episodes): 1.33 		Learning rate (actor): 0.0010	Learning rate (critic): 0.0020
INFO:root:Episode 9	Current Score (average over 20 robots): 1.70	Average Score (over episodes): 1.37 		Learning rate (actor): 0.0010	Learning rate (critic): 0.0020
INFO:root:Episode 10	Current Score (average over 20 robots): 1.51	Average Score (over episodes): 1.38 		Learning rate (actor): 0.0010	Learning rate (critic): 0.0020
INFO:root:Episode 11	Current Score (average over 20 robots): 1.15	Average Score (over episodes): 1.36 		Learning rate (actor): 0.0010	Learning rate (critic): 0.0020
INFO:root:Episode 12	Current Score (average over 20 robots): 1.04	Average Score (over episodes): 1.34 		Learning rate (actor): 0.0010	Learning rate (critic): 0.0020
INFO:root:Episode 13	Current Score (average over 20 robots): 1.32	Average Score (over episodes): 1.33 		Learning rate (actor): 0.0010	Learning rate (critic): 0.0020
INFO:root:Episode 14	Current Score (average over 20 robots): 2.08	Average Score (over episodes): 1.39 		Learning rate (actor): 0.0010	Learning rate (critic): 0.0020
INFO:root:Episode 15	Current Score (average over 20 robots): 3.28	Average Score (over episodes): 1.51 		Learning rate (actor): 0.0010	Learning rate (critic): 0.0020
INFO:root:Episode 16	Current Score (average over 20 robots): 4.86	Average Score (over episodes): 1.72 		Learning rate (actor): 0.0010	Learning rate (critic): 0.0020
INFO:root:Episode 17	Current Score (average over 20 robots): 7.07	Average Score (over episodes): 2.04 		Learning rate (actor): 0.0010	Learning rate (critic): 0.0020
INFO:root:Episode 18	Current Score (average over 20 robots): 12.20	Average Score (over episodes): 2.60 		Learning rate (actor): 0.0010	Learning rate (critic): 0.0020
INFO:root:Episode 19	Current Score (average over 20 robots): 21.18	Average Score (over episodes): 3.58 		Learning rate (actor): 0.0010	Learning rate (critic): 0.0020
INFO:root:Episode 20	Current Score (average over 20 robots): 22.18	Average Score (over episodes): 4.51 		Learning rate (actor): 0.0010	Learning rate (critic): 0.0020
INFO:root:Episode 21	Current Score (average over 20 robots): 32.90	Average Score (over episodes): 5.86 		Learning rate (actor): 0.0010	Learning rate (critic): 0.0020
INFO:root:Episode 22	Current Score (average over 20 robots): 32.31	Average Score (over episodes): 7.06 		Learning rate (actor): 0.0010	Learning rate (critic): 0.0020
INFO:root:Episode 23	Current Score (average over 20 robots): 36.85	Average Score (over episodes): 8.36 		Learning rate (actor): 0.0010	Learning rate (critic): 0.0020
INFO:root:Episode 24	Current Score (average over 20 robots): 35.36	Average Score (over episodes): 9.48 		Learning rate (actor): 0.0010	Learning rate (critic): 0.0020
INFO:root:Episode 25	Current Score (average over 20 robots): 35.92	Average Score (over episodes): 10.54 		Learning rate (actor): 0.0010	Learning rate (critic): 0.0020
INFO:root:Episode 26	Current Score (average over 20 robots): 37.64	Average Score (over episodes): 11.58 		Learning rate (actor): 0.0010	Learning rate (critic): 0.0020
INFO:root:Episode 27	Current Score (average over 20 robots): 38.63	Average Score (over episodes): 12.59 		Learning rate (actor): 0.0010	Learning rate (critic): 0.0019
INFO:root:Episode 28	Current Score (average over 20 robots): 39.24	Average Score (over episodes): 13.54 		Learning rate (actor): 0.0010	Learning rate (critic): 0.0019
INFO:root:Episode 29	Current Score (average over 20 robots): 37.57	Average Score (over episodes): 14.37 		Learning rate (actor): 0.0010	Learning rate (critic): 0.0019
INFO:root:Episode 30	Current Score (average over 20 robots): 37.05	Average Score (over episodes): 15.12 		Learning rate (actor): 0.0010	Learning rate (critic): 0.0019
INFO:root:Episode 31	Current Score (average over 20 robots): 38.52	Average Score (over episodes): 15.88 		Learning rate (actor): 0.0010	Learning rate (critic): 0.0019
INFO:root:Episode 32	Current Score (average over 20 robots): 39.02	Average Score (over episodes): 16.60 		Learning rate (actor): 0.0010	Learning rate (critic): 0.0019
INFO:root:Episode 33	Current Score (average over 20 robots): 39.07	Average Score (over episodes): 17.28 		Learning rate (actor): 0.0010	Learning rate (critic): 0.0019
INFO:root:Episode 34	Current Score (average over 20 robots): 38.16	Average Score (over episodes): 17.90 		Learning rate (actor): 0.0010	Learning rate (critic): 0.0019
INFO:root:Episode 35	Current Score (average over 20 robots): 37.21	Average Score (over episodes): 18.45 		Learning rate (actor): 0.0010	Learning rate (critic): 0.0019
INFO:root:Episode 36	Current Score (average over 20 robots): 39.01	Average Score (over episodes): 19.02 		Learning rate (actor): 0.0010	Learning rate (critic): 0.0019
INFO:root:Episode 37	Current Score (average over 20 robots): 38.86	Average Score (over episodes): 19.55 		Learning rate (actor): 0.0010	Learning rate (critic): 0.0019
INFO:root:Episode 38	Current Score (average over 20 robots): 39.21	Average Score (over episodes): 20.07 		Learning rate (actor): 0.0010	Learning rate (critic): 0.0019
INFO:root:Episode 39	Current Score (average over 20 robots): 37.55	Average Score (over episodes): 20.52 		Learning rate (actor): 0.0010	Learning rate (critic): 0.0019
INFO:root:Episode 40	Current Score (average over 20 robots): 37.73	Average Score (over episodes): 20.95 		Learning rate (actor): 0.0010	Learning rate (critic): 0.0019
INFO:root:Episode 41	Current Score (average over 20 robots): 38.90	Average Score (over episodes): 21.39 		Learning rate (actor): 0.0010	Learning rate (critic): 0.0019
INFO:root:Episode 42	Current Score (average over 20 robots): 38.98	Average Score (over episodes): 21.81 		Learning rate (actor): 0.0010	Learning rate (critic): 0.0019
INFO:root:Episode 43	Current Score (average over 20 robots): 38.08	Average Score (over episodes): 22.19 		Learning rate (actor): 0.0010	Learning rate (critic): 0.0019
INFO:root:Episode 44	Current Score (average over 20 robots): 39.15	Average Score (over episodes): 22.57 		Learning rate (actor): 0.0010	Learning rate (critic): 0.0019
INFO:root:Episode 45	Current Score (average over 20 robots): 39.26	Average Score (over episodes): 22.94 		Learning rate (actor): 0.0010	Learning rate (critic): 0.0019
INFO:root:Episode 46	Current Score (average over 20 robots): 39.18	Average Score (over episodes): 23.30 		Learning rate (actor): 0.0010	Learning rate (critic): 0.0019
INFO:root:Episode 47	Current Score (average over 20 robots): 39.07	Average Score (over episodes): 23.63 		Learning rate (actor): 0.0010	Learning rate (critic): 0.0019
INFO:root:Episode 48	Current Score (average over 20 robots): 38.69	Average Score (over episodes): 23.94 		Learning rate (actor): 0.0010	Learning rate (critic): 0.0019
INFO:root:Episode 49	Current Score (average over 20 robots): 39.12	Average Score (over episodes): 24.25 		Learning rate (actor): 0.0010	Learning rate (critic): 0.0019
INFO:root:Episode 50	Current Score (average over 20 robots): 38.42	Average Score (over episodes): 24.54 		Learning rate (actor): 0.0010	Learning rate (critic): 0.0019
INFO:root:Episode 51	Current Score (average over 20 robots): 37.77	Average Score (over episodes): 24.80 		Learning rate (actor): 0.0010	Learning rate (critic): 0.0019
INFO:root:Episode 52	Current Score (average over 20 robots): 39.37	Average Score (over episodes): 25.08 		Learning rate (actor): 0.0010	Learning rate (critic): 0.0019
INFO:root:Episode 53	Current Score (average over 20 robots): 38.71	Average Score (over episodes): 25.33 		Learning rate (actor): 0.0009	Learning rate (critic): 0.0019
INFO:root:Episode 54	Current Score (average over 20 robots): 39.13	Average Score (over episodes): 25.59 		Learning rate (actor): 0.0009	Learning rate (critic): 0.0019
INFO:root:Episode 55	Current Score (average over 20 robots): 36.91	Average Score (over episodes): 25.80 		Learning rate (actor): 0.0009	Learning rate (critic): 0.0019
INFO:root:Episode 56	Current Score (average over 20 robots): 38.57	Average Score (over episodes): 26.02 		Learning rate (actor): 0.0009	Learning rate (critic): 0.0019
INFO:root:Episode 57	Current Score (average over 20 robots): 39.18	Average Score (over episodes): 26.25 		Learning rate (actor): 0.0009	Learning rate (critic): 0.0019
INFO:root:Episode 58	Current Score (average over 20 robots): 39.08	Average Score (over episodes): 26.48 		Learning rate (actor): 0.0009	Learning rate (critic): 0.0019
INFO:root:Episode 59	Current Score (average over 20 robots): 37.26	Average Score (over episodes): 26.66 		Learning rate (actor): 0.0009	Learning rate (critic): 0.0019
INFO:root:Episode 60	Current Score (average over 20 robots): 38.38	Average Score (over episodes): 26.85 		Learning rate (actor): 0.0009	Learning rate (critic): 0.0019
INFO:root:Episode 61	Current Score (average over 20 robots): 39.12	Average Score (over episodes): 27.06 		Learning rate (actor): 0.0009	Learning rate (critic): 0.0019
INFO:root:Episode 62	Current Score (average over 20 robots): 38.90	Average Score (over episodes): 27.25 		Learning rate (actor): 0.0009	Learning rate (critic): 0.0019
INFO:root:Episode 63	Current Score (average over 20 robots): 38.83	Average Score (over episodes): 27.43 		Learning rate (actor): 0.0009	Learning rate (critic): 0.0019
INFO:root:Episode 64	Current Score (average over 20 robots): 38.94	Average Score (over episodes): 27.61 		Learning rate (actor): 0.0009	Learning rate (critic): 0.0019
INFO:root:Episode 65	Current Score (average over 20 robots): 38.68	Average Score (over episodes): 27.78 		Learning rate (actor): 0.0009	Learning rate (critic): 0.0019
INFO:root:Episode 66	Current Score (average over 20 robots): 39.17	Average Score (over episodes): 27.95 		Learning rate (actor): 0.0009	Learning rate (critic): 0.0019
INFO:root:Episode 67	Current Score (average over 20 robots): 38.98	Average Score (over episodes): 28.12 		Learning rate (actor): 0.0009	Learning rate (critic): 0.0019
INFO:root:Episode 68	Current Score (average over 20 robots): 38.92	Average Score (over episodes): 28.28 		Learning rate (actor): 0.0009	Learning rate (critic): 0.0019
INFO:root:Episode 69	Current Score (average over 20 robots): 39.03	Average Score (over episodes): 28.43 		Learning rate (actor): 0.0009	Learning rate (critic): 0.0019
INFO:root:Episode 70	Current Score (average over 20 robots): 39.08	Average Score (over episodes): 28.58 		Learning rate (actor): 0.0009	Learning rate (critic): 0.0019
INFO:root:Episode 71	Current Score (average over 20 robots): 39.16	Average Score (over episodes): 28.73 		Learning rate (actor): 0.0009	Learning rate (critic): 0.0019
INFO:root:Episode 72	Current Score (average over 20 robots): 39.26	Average Score (over episodes): 28.88 		Learning rate (actor): 0.0009	Learning rate (critic): 0.0019
INFO:root:Episode 73	Current Score (average over 20 robots): 39.05	Average Score (over episodes): 29.02 		Learning rate (actor): 0.0009	Learning rate (critic): 0.0019
INFO:root:Episode 74	Current Score (average over 20 robots): 38.78	Average Score (over episodes): 29.15 		Learning rate (actor): 0.0009	Learning rate (critic): 0.0019
INFO:root:Episode 75	Current Score (average over 20 robots): 38.88	Average Score (over episodes): 29.28 		Learning rate (actor): 0.0009	Learning rate (critic): 0.0019
INFO:root:Episode 76	Current Score (average over 20 robots): 39.38	Average Score (over episodes): 29.41 		Learning rate (actor): 0.0009	Learning rate (critic): 0.0019
INFO:root:Episode 77	Current Score (average over 20 robots): 38.97	Average Score (over episodes): 29.54 		Learning rate (actor): 0.0009	Learning rate (critic): 0.0019
INFO:root:Episode 78	Current Score (average over 20 robots): 38.81	Average Score (over episodes): 29.66 		Learning rate (actor): 0.0009	Learning rate (critic): 0.0019
INFO:root:Episode 79	Current Score (average over 20 robots): 39.06	Average Score (over episodes): 29.78 		Learning rate (actor): 0.0009	Learning rate (critic): 0.0018
INFO:root:Episode 80	Current Score (average over 20 robots): 39.14	Average Score (over episodes): 29.89 		Learning rate (actor): 0.0009	Learning rate (critic): 0.0018
INFO:root:Episode 81	Current Score (average over 20 robots): 38.41	Average Score (over episodes): 30.00 		Learning rate (actor): 0.0009	Learning rate (critic): 0.0018
INFO:root:Episode 82	Current Score (average over 20 robots): 38.02	Average Score (over episodes): 30.10 		Learning rate (actor): 0.0009	Learning rate (critic): 0.0018
INFO:root:Episode 83	Current Score (average over 20 robots): 39.42	Average Score (over episodes): 30.21 		Learning rate (actor): 0.0009	Learning rate (critic): 0.0018
INFO:root:Episode 84	Current Score (average over 20 robots): 39.14	Average Score (over episodes): 30.31 		Learning rate (actor): 0.0009	Learning rate (critic): 0.0018
INFO:root:Episode 85	Current Score (average over 20 robots): 38.82	Average Score (over episodes): 30.41 		Learning rate (actor): 0.0009	Learning rate (critic): 0.0018
INFO:root:Episode 86	Current Score (average over 20 robots): 38.74	Average Score (over episodes): 30.51 		Learning rate (actor): 0.0009	Learning rate (critic): 0.0018
INFO:root:Episode 87	Current Score (average over 20 robots): 39.03	Average Score (over episodes): 30.61 		Learning rate (actor): 0.0009	Learning rate (critic): 0.0018
INFO:root:Episode 88	Current Score (average over 20 robots): 38.88	Average Score (over episodes): 30.70 		Learning rate (actor): 0.0009	Learning rate (critic): 0.0018
INFO:root:Episode 89	Current Score (average over 20 robots): 38.90	Average Score (over episodes): 30.79 		Learning rate (actor): 0.0009	Learning rate (critic): 0.0018
INFO:root:Episode 90	Current Score (average over 20 robots): 39.21	Average Score (over episodes): 30.89 		Learning rate (actor): 0.0009	Learning rate (critic): 0.0018
INFO:root:Episode 91	Current Score (average over 20 robots): 39.42	Average Score (over episodes): 30.98 		Learning rate (actor): 0.0009	Learning rate (critic): 0.0018
INFO:root:Episode 92	Current Score (average over 20 robots): 38.97	Average Score (over episodes): 31.07 		Learning rate (actor): 0.0009	Learning rate (critic): 0.0018
INFO:root:Episode 93	Current Score (average over 20 robots): 39.26	Average Score (over episodes): 31.16 		Learning rate (actor): 0.0009	Learning rate (critic): 0.0018
INFO:root:Episode 94	Current Score (average over 20 robots): 38.94	Average Score (over episodes): 31.24 		Learning rate (actor): 0.0009	Learning rate (critic): 0.0018
INFO:root:Episode 95	Current Score (average over 20 robots): 37.87	Average Score (over episodes): 31.31 		Learning rate (actor): 0.0009	Learning rate (critic): 0.0018
INFO:root:Episode 96	Current Score (average over 20 robots): 38.66	Average Score (over episodes): 31.39 		Learning rate (actor): 0.0009	Learning rate (critic): 0.0018
INFO:root:Episode 97	Current Score (average over 20 robots): 38.81	Average Score (over episodes): 31.46 		Learning rate (actor): 0.0009	Learning rate (critic): 0.0018
INFO:root:Episode 98	Current Score (average over 20 robots): 39.08	Average Score (over episodes): 31.54 		Learning rate (actor): 0.0009	Learning rate (critic): 0.0018
INFO:root:Episode 99	Current Score (average over 20 robots): 38.61	Average Score (over episodes): 31.61 		Learning rate (actor): 0.0009	Learning rate (critic): 0.0018
INFO:root:Episode 100	Current Score (average over 20 robots): 38.24	Average Score (over episodes): 31.68 		Learning rate (actor): 0.0009	Learning rate (critic): 0.0018
INFO:root:Episode 101	Current Score (average over 20 robots): 38.87	Average Score (over episodes): 32.06 		Learning rate (actor): 0.0009	Learning rate (critic): 0.0018
INFO:root:Episode 102	Current Score (average over 20 robots): 38.83	Average Score (over episodes): 32.44 		Learning rate (actor): 0.0009	Learning rate (critic): 0.0018
INFO:root:Episode 103	Current Score (average over 20 robots): 39.06	Average Score (over episodes): 32.81 		Learning rate (actor): 0.0009	Learning rate (critic): 0.0018
INFO:root:Episode 104	Current Score (average over 20 robots): 38.89	Average Score (over episodes): 33.18 		Learning rate (actor): 0.0009	Learning rate (critic): 0.0018
INFO:root:Episode 105	Current Score (average over 20 robots): 38.81	Average Score (over episodes): 33.56 		Learning rate (actor): 0.0009	Learning rate (critic): 0.0018
INFO:root:Episode 106	Current Score (average over 20 robots): 38.90	Average Score (over episodes): 33.93 		Learning rate (actor): 0.0009	Learning rate (critic): 0.0018
INFO:root:Episode 107	Current Score (average over 20 robots): 39.20	Average Score (over episodes): 34.31 		Learning rate (actor): 0.0009	Learning rate (critic): 0.0018
INFO:root:Episode 108	Current Score (average over 20 robots): 39.01	Average Score (over episodes): 34.69 		Learning rate (actor): 0.0009	Learning rate (critic): 0.0018
INFO:root:Episode 109	Current Score (average over 20 robots): 39.29	Average Score (over episodes): 35.06 		Learning rate (actor): 0.0009	Learning rate (critic): 0.0018
INFO:root:Episode 110	Current Score (average over 20 robots): 38.67	Average Score (over episodes): 35.44 		Learning rate (actor): 0.0009	Learning rate (critic): 0.0018
INFO:root:Episode 111	Current Score (average over 20 robots): 38.72	Average Score (over episodes): 35.81 		Learning rate (actor): 0.0009	Learning rate (critic): 0.0018
INFO:root:Episode 112	Current Score (average over 20 robots): 38.82	Average Score (over episodes): 36.19 		Learning rate (actor): 0.0009	Learning rate (critic): 0.0018
INFO:root:Episode 113	Current Score (average over 20 robots): 39.02	Average Score (over episodes): 36.57 		Learning rate (actor): 0.0009	Learning rate (critic): 0.0018
INFO:root:Episode 114	Current Score (average over 20 robots): 38.65	Average Score (over episodes): 36.93 		Learning rate (actor): 0.0009	Learning rate (critic): 0.0018
INFO:root:Episode 115	Current Score (average over 20 robots): 38.67	Average Score (over episodes): 37.29 		Learning rate (actor): 0.0009	Learning rate (critic): 0.0018
INFO:root:Episode 116	Current Score (average over 20 robots): 39.06	Average Score (over episodes): 37.63 		Learning rate (actor): 0.0009	Learning rate (critic): 0.0018
INFO:root:Episode 117	Current Score (average over 20 robots): 39.14	Average Score (over episodes): 37.95 		Learning rate (actor): 0.0009	Learning rate (critic): 0.0018
INFO:root:Episode 118	Current Score (average over 20 robots): 38.66	Average Score (over episodes): 38.21 		Learning rate (actor): 0.0009	Learning rate (critic): 0.0018
INFO:root:Episode 119	Current Score (average over 20 robots): 38.51	Average Score (over episodes): 38.39 		Learning rate (actor): 0.0009	Learning rate (critic): 0.0018
INFO:root:Episode 120	Current Score (average over 20 robots): 38.84	Average Score (over episodes): 38.55 		Learning rate (actor): 0.0009	Learning rate (critic): 0.0018
INFO:root:Episode 121	Current Score (average over 20 robots): 38.82	Average Score (over episodes): 38.61 		Learning rate (actor): 0.0009	Learning rate (critic): 0.0018
INFO:root:Episode 122	Current Score (average over 20 robots): 38.90	Average Score (over episodes): 38.68 		Learning rate (actor): 0.0009	Learning rate (critic): 0.0018
INFO:root:Episode 123	Current Score (average over 20 robots): 39.21	Average Score (over episodes): 38.70 		Learning rate (actor): 0.0009	Learning rate (critic): 0.0018
INFO:root:Episode 124	Current Score (average over 20 robots): 38.97	Average Score (over episodes): 38.74 		Learning rate (actor): 0.0009	Learning rate (critic): 0.0018
INFO:root:Episode 125	Current Score (average over 20 robots): 38.77	Average Score (over episodes): 38.77 		Learning rate (actor): 0.0009	Learning rate (critic): 0.0018
INFO:root:Episode 126	Current Score (average over 20 robots): 38.67	Average Score (over episodes): 38.78 		Learning rate (actor): 0.0009	Learning rate (critic): 0.0018
INFO:root:Episode 127	Current Score (average over 20 robots): 38.71	Average Score (over episodes): 38.78 		Learning rate (actor): 0.0009	Learning rate (critic): 0.0018
INFO:root:Episode 128	Current Score (average over 20 robots): 38.59	Average Score (over episodes): 38.77 		Learning rate (actor): 0.0009	Learning rate (critic): 0.0018
INFO:root:Episode 129	Current Score (average over 20 robots): 38.96	Average Score (over episodes): 38.78 		Learning rate (actor): 0.0009	Learning rate (critic): 0.0018
INFO:root:Episode 130	Current Score (average over 20 robots): 39.00	Average Score (over episodes): 38.80 		Learning rate (actor): 0.0009	Learning rate (critic): 0.0018
INFO:root:Episode 131	Current Score (average over 20 robots): 38.98	Average Score (over episodes): 38.81 		Learning rate (actor): 0.0009	Learning rate (critic): 0.0018
INFO:root:Episode 132	Current Score (average over 20 robots): 37.83	Average Score (over episodes): 38.80 		Learning rate (actor): 0.0009	Learning rate (critic): 0.0018
INFO:root:Episode 133	Current Score (average over 20 robots): 38.59	Average Score (over episodes): 38.79 		Learning rate (actor): 0.0009	Learning rate (critic): 0.0018
INFO:root:Episode 134	Current Score (average over 20 robots): 38.88	Average Score (over episodes): 38.80 		Learning rate (actor): 0.0009	Learning rate (critic): 0.0018
INFO:root:Episode 135	Current Score (average over 20 robots): 38.75	Average Score (over episodes): 38.81 		Learning rate (actor): 0.0009	Learning rate (critic): 0.0017
INFO:root:Episode 136	Current Score (average over 20 robots): 38.67	Average Score (over episodes): 38.81 		Learning rate (actor): 0.0009	Learning rate (critic): 0.0017
INFO:root:Episode 137	Current Score (average over 20 robots): 39.06	Average Score (over episodes): 38.81 		Learning rate (actor): 0.0009	Learning rate (critic): 0.0017
INFO:root:Episode 138	Current Score (average over 20 robots): 38.85	Average Score (over episodes): 38.81 		Learning rate (actor): 0.0009	Learning rate (critic): 0.0017
INFO:root:Episode 139	Current Score (average over 20 robots): 39.07	Average Score (over episodes): 38.82 		Learning rate (actor): 0.0009	Learning rate (critic): 0.0017
INFO:root:Episode 140	Current Score (average over 20 robots): 39.36	Average Score (over episodes): 38.84 		Learning rate (actor): 0.0009	Learning rate (critic): 0.0017
INFO:root:Episode 141	Current Score (average over 20 robots): 38.87	Average Score (over episodes): 38.84 		Learning rate (actor): 0.0009	Learning rate (critic): 0.0017
INFO:root:Episode 142	Current Score (average over 20 robots): 38.94	Average Score (over episodes): 38.84 		Learning rate (actor): 0.0009	Learning rate (critic): 0.0017
INFO:root:Episode 143	Current Score (average over 20 robots): 39.01	Average Score (over episodes): 38.85 		Learning rate (actor): 0.0009	Learning rate (critic): 0.0017
INFO:root:Episode 144	Current Score (average over 20 robots): 38.80	Average Score (over episodes): 38.85 		Learning rate (actor): 0.0009	Learning rate (critic): 0.0017
INFO:root:Episode 145	Current Score (average over 20 robots): 38.49	Average Score (over episodes): 38.84 		Learning rate (actor): 0.0009	Learning rate (critic): 0.0017
INFO:root:Episode 146	Current Score (average over 20 robots): 38.97	Average Score (over episodes): 38.84 		Learning rate (actor): 0.0009	Learning rate (critic): 0.0017
INFO:root:Episode 147	Current Score (average over 20 robots): 38.27	Average Score (over episodes): 38.83 		Learning rate (actor): 0.0009	Learning rate (critic): 0.0017
INFO:root:Episode 148	Current Score (average over 20 robots): 38.52	Average Score (over episodes): 38.83 		Learning rate (actor): 0.0009	Learning rate (critic): 0.0017
INFO:root:Episode 149	Current Score (average over 20 robots): 38.90	Average Score (over episodes): 38.82 		Learning rate (actor): 0.0009	Learning rate (critic): 0.0017
INFO:root:Episode 150	Current Score (average over 20 robots): 37.73	Average Score (over episodes): 38.82 		Learning rate (actor): 0.0009	Learning rate (critic): 0.0017
INFO:root:Episode 151	Current Score (average over 20 robots): 38.48	Average Score (over episodes): 38.82 		Learning rate (actor): 0.0009	Learning rate (critic): 0.0017
INFO:root:Episode 152	Current Score (average over 20 robots): 38.47	Average Score (over episodes): 38.82 		Learning rate (actor): 0.0009	Learning rate (critic): 0.0017
INFO:root:Episode 153	Current Score (average over 20 robots): 38.87	Average Score (over episodes): 38.82 		Learning rate (actor): 0.0009	Learning rate (critic): 0.0017
INFO:root:Episode 154	Current Score (average over 20 robots): 38.73	Average Score (over episodes): 38.81 		Learning rate (actor): 0.0009	Learning rate (critic): 0.0017
INFO:root:Episode 155	Current Score (average over 20 robots): 39.03	Average Score (over episodes): 38.83 		Learning rate (actor): 0.0009	Learning rate (critic): 0.0017
INFO:root:Episode 156	Current Score (average over 20 robots): 38.22	Average Score (over episodes): 38.83 		Learning rate (actor): 0.0009	Learning rate (critic): 0.0017
INFO:root:Episode 157	Current Score (average over 20 robots): 38.61	Average Score (over episodes): 38.82 		Learning rate (actor): 0.0009	Learning rate (critic): 0.0017
INFO:root:Episode 158	Current Score (average over 20 robots): 38.80	Average Score (over episodes): 38.82 		Learning rate (actor): 0.0009	Learning rate (critic): 0.0017
INFO:root:Episode 159	Current Score (average over 20 robots): 38.25	Average Score (over episodes): 38.83 		Learning rate (actor): 0.0009	Learning rate (critic): 0.0017
INFO:root:Episode 160	Current Score (average over 20 robots): 39.10	Average Score (over episodes): 38.84 		Learning rate (actor): 0.0009	Learning rate (critic): 0.0017
INFO:root:Episode 161	Current Score (average over 20 robots): 38.35	Average Score (over episodes): 38.83 		Learning rate (actor): 0.0009	Learning rate (critic): 0.0017
INFO:root:Episode 162	Current Score (average over 20 robots): 38.14	Average Score (over episodes): 38.82 		Learning rate (actor): 0.0009	Learning rate (critic): 0.0017
INFO:root:Episode 163	Current Score (average over 20 robots): 38.34	Average Score (over episodes): 38.82 		Learning rate (actor): 0.0009	Learning rate (critic): 0.0017
INFO:root:Episode 164	Current Score (average over 20 robots): 37.72	Average Score (over episodes): 38.81 		Learning rate (actor): 0.0008	Learning rate (critic): 0.0017
INFO:root:Episode 165	Current Score (average over 20 robots): 38.31	Average Score (over episodes): 38.80 		Learning rate (actor): 0.0008	Learning rate (critic): 0.0017
INFO:root:Episode 166	Current Score (average over 20 robots): 39.19	Average Score (over episodes): 38.80 		Learning rate (actor): 0.0008	Learning rate (critic): 0.0017
INFO:root:Episode 167	Current Score (average over 20 robots): 38.93	Average Score (over episodes): 38.80 		Learning rate (actor): 0.0008	Learning rate (critic): 0.0017
INFO:root:Episode 168	Current Score (average over 20 robots): 39.04	Average Score (over episodes): 38.80 		Learning rate (actor): 0.0008	Learning rate (critic): 0.0017
INFO:root:Episode 169	Current Score (average over 20 robots): 38.84	Average Score (over episodes): 38.80 		Learning rate (actor): 0.0008	Learning rate (critic): 0.0017
INFO:root:Episode 170	Current Score (average over 20 robots): 39.07	Average Score (over episodes): 38.80 		Learning rate (actor): 0.0008	Learning rate (critic): 0.0017
INFO:root:Episode 171	Current Score (average over 20 robots): 39.03	Average Score (over episodes): 38.80 		Learning rate (actor): 0.0008	Learning rate (critic): 0.0017
INFO:root:Episode 172	Current Score (average over 20 robots): 39.20	Average Score (over episodes): 38.80 		Learning rate (actor): 0.0008	Learning rate (critic): 0.0017
INFO:root:Episode 173	Current Score (average over 20 robots): 39.22	Average Score (over episodes): 38.80 		Learning rate (actor): 0.0008	Learning rate (critic): 0.0017
INFO:root:Episode 174	Current Score (average over 20 robots): 38.93	Average Score (over episodes): 38.80 		Learning rate (actor): 0.0008	Learning rate (critic): 0.0017
INFO:root:Episode 175	Current Score (average over 20 robots): 38.73	Average Score (over episodes): 38.80 		Learning rate (actor): 0.0008	Learning rate (critic): 0.0017
INFO:root:Episode 176	Current Score (average over 20 robots): 39.13	Average Score (over episodes): 38.80 		Learning rate (actor): 0.0008	Learning rate (critic): 0.0017
INFO:root:Episode 177	Current Score (average over 20 robots): 39.03	Average Score (over episodes): 38.80 		Learning rate (actor): 0.0008	Learning rate (critic): 0.0017
INFO:root:Episode 178	Current Score (average over 20 robots): 39.43	Average Score (over episodes): 38.81 		Learning rate (actor): 0.0008	Learning rate (critic): 0.0017
INFO:root:Episode 179	Current Score (average over 20 robots): 39.28	Average Score (over episodes): 38.81 		Learning rate (actor): 0.0008	Learning rate (critic): 0.0017
INFO:root:Episode 180	Current Score (average over 20 robots): 38.32	Average Score (over episodes): 38.80 		Learning rate (actor): 0.0008	Learning rate (critic): 0.0017
INFO:root:Episode 181	Current Score (average over 20 robots): 38.42	Average Score (over episodes): 38.80 		Learning rate (actor): 0.0008	Learning rate (critic): 0.0017
INFO:root:Episode 182	Current Score (average over 20 robots): 39.24	Average Score (over episodes): 38.81 		Learning rate (actor): 0.0008	Learning rate (critic): 0.0017
INFO:root:Episode 183	Current Score (average over 20 robots): 38.84	Average Score (over episodes): 38.81 		Learning rate (actor): 0.0008	Learning rate (critic): 0.0017
INFO:root:Episode 184	Current Score (average over 20 robots): 39.16	Average Score (over episodes): 38.81 		Learning rate (actor): 0.0008	Learning rate (critic): 0.0017
INFO:root:Episode 185	Current Score (average over 20 robots): 39.44	Average Score (over episodes): 38.81 		Learning rate (actor): 0.0008	Learning rate (critic): 0.0017
INFO:root:Episode 186	Current Score (average over 20 robots): 38.40	Average Score (over episodes): 38.81 		Learning rate (actor): 0.0008	Learning rate (critic): 0.0017
INFO:root:Episode 187	Current Score (average over 20 robots): 38.56	Average Score (over episodes): 38.80 		Learning rate (actor): 0.0008	Learning rate (critic): 0.0017
INFO:root:Episode 188	Current Score (average over 20 robots): 38.75	Average Score (over episodes): 38.80 		Learning rate (actor): 0.0008	Learning rate (critic): 0.0017
INFO:root:Episode 189	Current Score (average over 20 robots): 38.64	Average Score (over episodes): 38.80 		Learning rate (actor): 0.0008	Learning rate (critic): 0.0017
INFO:root:Episode 190	Current Score (average over 20 robots): 38.44	Average Score (over episodes): 38.79 		Learning rate (actor): 0.0008	Learning rate (critic): 0.0017
INFO:root:Episode 191	Current Score (average over 20 robots): 37.89	Average Score (over episodes): 38.78 		Learning rate (actor): 0.0008	Learning rate (critic): 0.0017
INFO:root:Episode 192	Current Score (average over 20 robots): 38.53	Average Score (over episodes): 38.77 		Learning rate (actor): 0.0008	Learning rate (critic): 0.0017
INFO:root:Episode 193	Current Score (average over 20 robots): 38.83	Average Score (over episodes): 38.77 		Learning rate (actor): 0.0008	Learning rate (critic): 0.0017
INFO:root:Episode 194	Current Score (average over 20 robots): 39.34	Average Score (over episodes): 38.77 		Learning rate (actor): 0.0008	Learning rate (critic): 0.0016
INFO:root:Episode 195	Current Score (average over 20 robots): 39.08	Average Score (over episodes): 38.79 		Learning rate (actor): 0.0008	Learning rate (critic): 0.0016
INFO:root:Episode 196	Current Score (average over 20 robots): 38.97	Average Score (over episodes): 38.79 		Learning rate (actor): 0.0008	Learning rate (critic): 0.0016
INFO:root:Episode 197	Current Score (average over 20 robots): 39.01	Average Score (over episodes): 38.79 		Learning rate (actor): 0.0008	Learning rate (critic): 0.0016
INFO:root:Episode 198	Current Score (average over 20 robots): 38.94	Average Score (over episodes): 38.79 		Learning rate (actor): 0.0008	Learning rate (critic): 0.0016
INFO:root:Episode 199	Current Score (average over 20 robots): 39.14	Average Score (over episodes): 38.79 		Learning rate (actor): 0.0008	Learning rate (critic): 0.0016
